{"C:\\Users\\Tom\\Documents\\diginamic\\25 - Développement coté serveur avec NodeJS\\Projet\\TP-Digischool-api\\src\\controllers\\classeController.js": {"path":"C:\\Users\\Tom\\Documents\\diginamic\\25 - Développement coté serveur avec NodeJS\\Projet\\TP-Digischool-api\\src\\controllers\\classeController.js","statementMap":{"0":{"start":{"line":1,"column":22},"end":{"line":1,"column":58}},"1":{"start":{"line":6,"column":4},"end":{"line":11,"column":5}},"2":{"start":{"line":7,"column":22},"end":{"line":7,"column":50}},"3":{"start":{"line":8,"column":6},"end":{"line":8,"column":24}},"4":{"start":{"line":10,"column":6},"end":{"line":10,"column":53}},"5":{"start":{"line":16,"column":4},"end":{"line":22,"column":5}},"6":{"start":{"line":17,"column":21},"end":{"line":17,"column":63}},"7":{"start":{"line":18,"column":6},"end":{"line":18,"column":80}},"8":{"start":{"line":18,"column":19},"end":{"line":18,"column":80}},"9":{"start":{"line":19,"column":6},"end":{"line":19,"column":23}},"10":{"start":{"line":21,"column":6},"end":{"line":21,"column":53}},"11":{"start":{"line":27,"column":4},"end":{"line":32,"column":5}},"12":{"start":{"line":28,"column":24},"end":{"line":28,"column":60}},"13":{"start":{"line":29,"column":6},"end":{"line":29,"column":38}},"14":{"start":{"line":31,"column":6},"end":{"line":31,"column":53}},"15":{"start":{"line":37,"column":4},"end":{"line":43,"column":5}},"16":{"start":{"line":38,"column":28},"end":{"line":38,"column":79}},"17":{"start":{"line":39,"column":6},"end":{"line":39,"column":87}},"18":{"start":{"line":39,"column":26},"end":{"line":39,"column":87}},"19":{"start":{"line":40,"column":6},"end":{"line":40,"column":30}},"20":{"start":{"line":42,"column":6},"end":{"line":42,"column":53}},"21":{"start":{"line":48,"column":4},"end":{"line":54,"column":5}},"22":{"start":{"line":49,"column":28},"end":{"line":49,"column":69}},"23":{"start":{"line":50,"column":6},"end":{"line":50,"column":87}},"24":{"start":{"line":50,"column":26},"end":{"line":50,"column":87}},"25":{"start":{"line":51,"column":6},"end":{"line":51,"column":48}},"26":{"start":{"line":53,"column":6},"end":{"line":53,"column":53}},"27":{"start":{"line":58,"column":0},"end":{"line":58,"column":40}}},"fnMap":{"0":{"name":"(anonymous_0)","decl":{"start":{"line":5,"column":2},"end":{"line":5,"column":3}},"loc":{"start":{"line":5,"column":25},"end":{"line":12,"column":3}},"line":5},"1":{"name":"(anonymous_1)","decl":{"start":{"line":15,"column":2},"end":{"line":15,"column":3}},"loc":{"start":{"line":15,"column":26},"end":{"line":23,"column":3}},"line":15},"2":{"name":"(anonymous_2)","decl":{"start":{"line":26,"column":2},"end":{"line":26,"column":3}},"loc":{"start":{"line":26,"column":25},"end":{"line":33,"column":3}},"line":26},"3":{"name":"(anonymous_3)","decl":{"start":{"line":36,"column":2},"end":{"line":36,"column":3}},"loc":{"start":{"line":36,"column":25},"end":{"line":44,"column":3}},"line":36},"4":{"name":"(anonymous_4)","decl":{"start":{"line":47,"column":2},"end":{"line":47,"column":3}},"loc":{"start":{"line":47,"column":25},"end":{"line":55,"column":3}},"line":47}},"branchMap":{"0":{"loc":{"start":{"line":18,"column":6},"end":{"line":18,"column":80}},"type":"if","locations":[{"start":{"line":18,"column":6},"end":{"line":18,"column":80}},{"start":{},"end":{}}],"line":18},"1":{"loc":{"start":{"line":39,"column":6},"end":{"line":39,"column":87}},"type":"if","locations":[{"start":{"line":39,"column":6},"end":{"line":39,"column":87}},{"start":{},"end":{}}],"line":39},"2":{"loc":{"start":{"line":50,"column":6},"end":{"line":50,"column":87}},"type":"if","locations":[{"start":{"line":50,"column":6},"end":{"line":50,"column":87}},{"start":{},"end":{}}],"line":50}},"s":{"0":2,"1":3,"2":3,"3":2,"4":1,"5":6,"6":6,"7":4,"8":2,"9":2,"10":2,"11":2,"12":2,"13":1,"14":1,"15":3,"16":3,"17":2,"18":1,"19":1,"20":1,"21":3,"22":3,"23":2,"24":1,"25":1,"26":1,"27":2},"f":{"0":3,"1":6,"2":2,"3":3,"4":3},"b":{"0":[2,2],"1":[1,1],"2":[1,1]},"_coverageSchema":"1a1c01bbd47fc00a2c39e90264f33305004495a9","hash":"48af6a855e12fbbfa7d9ba5abe2b46a77727dd0f"}
,"C:\\Users\\Tom\\Documents\\diginamic\\25 - Développement coté serveur avec NodeJS\\Projet\\TP-Digischool-api\\src\\controllers\\matiereController.js": {"path":"C:\\Users\\Tom\\Documents\\diginamic\\25 - Développement coté serveur avec NodeJS\\Projet\\TP-Digischool-api\\src\\controllers\\matiereController.js","statementMap":{"0":{"start":{"line":1,"column":23},"end":{"line":1,"column":60}},"1":{"start":{"line":5,"column":4},"end":{"line":10,"column":5}},"2":{"start":{"line":6,"column":23},"end":{"line":6,"column":52}},"3":{"start":{"line":7,"column":6},"end":{"line":7,"column":25}},"4":{"start":{"line":9,"column":6},"end":{"line":9,"column":53}},"5":{"start":{"line":14,"column":4},"end":{"line":20,"column":5}},"6":{"start":{"line":15,"column":22},"end":{"line":15,"column":65}},"7":{"start":{"line":16,"column":6},"end":{"line":16,"column":82}},"8":{"start":{"line":16,"column":20},"end":{"line":16,"column":82}},"9":{"start":{"line":17,"column":6},"end":{"line":17,"column":24}},"10":{"start":{"line":19,"column":6},"end":{"line":19,"column":53}},"11":{"start":{"line":24,"column":4},"end":{"line":29,"column":5}},"12":{"start":{"line":25,"column":25},"end":{"line":25,"column":62}},"13":{"start":{"line":26,"column":6},"end":{"line":26,"column":39}},"14":{"start":{"line":28,"column":6},"end":{"line":28,"column":53}},"15":{"start":{"line":33,"column":4},"end":{"line":39,"column":5}},"16":{"start":{"line":34,"column":29},"end":{"line":34,"column":81}},"17":{"start":{"line":35,"column":6},"end":{"line":35,"column":89}},"18":{"start":{"line":35,"column":27},"end":{"line":35,"column":89}},"19":{"start":{"line":36,"column":6},"end":{"line":36,"column":31}},"20":{"start":{"line":38,"column":6},"end":{"line":38,"column":53}},"21":{"start":{"line":43,"column":4},"end":{"line":49,"column":5}},"22":{"start":{"line":44,"column":29},"end":{"line":44,"column":71}},"23":{"start":{"line":45,"column":6},"end":{"line":45,"column":89}},"24":{"start":{"line":45,"column":27},"end":{"line":45,"column":89}},"25":{"start":{"line":46,"column":6},"end":{"line":46,"column":49}},"26":{"start":{"line":48,"column":6},"end":{"line":48,"column":53}},"27":{"start":{"line":53,"column":0},"end":{"line":53,"column":41}}},"fnMap":{"0":{"name":"(anonymous_0)","decl":{"start":{"line":4,"column":2},"end":{"line":4,"column":3}},"loc":{"start":{"line":4,"column":25},"end":{"line":11,"column":3}},"line":4},"1":{"name":"(anonymous_1)","decl":{"start":{"line":13,"column":2},"end":{"line":13,"column":3}},"loc":{"start":{"line":13,"column":26},"end":{"line":21,"column":3}},"line":13},"2":{"name":"(anonymous_2)","decl":{"start":{"line":23,"column":2},"end":{"line":23,"column":3}},"loc":{"start":{"line":23,"column":25},"end":{"line":30,"column":3}},"line":23},"3":{"name":"(anonymous_3)","decl":{"start":{"line":32,"column":2},"end":{"line":32,"column":3}},"loc":{"start":{"line":32,"column":25},"end":{"line":40,"column":3}},"line":32},"4":{"name":"(anonymous_4)","decl":{"start":{"line":42,"column":2},"end":{"line":42,"column":3}},"loc":{"start":{"line":42,"column":25},"end":{"line":50,"column":3}},"line":42}},"branchMap":{"0":{"loc":{"start":{"line":16,"column":6},"end":{"line":16,"column":82}},"type":"if","locations":[{"start":{"line":16,"column":6},"end":{"line":16,"column":82}},{"start":{},"end":{}}],"line":16},"1":{"loc":{"start":{"line":35,"column":6},"end":{"line":35,"column":89}},"type":"if","locations":[{"start":{"line":35,"column":6},"end":{"line":35,"column":89}},{"start":{},"end":{}}],"line":35},"2":{"loc":{"start":{"line":45,"column":6},"end":{"line":45,"column":89}},"type":"if","locations":[{"start":{"line":45,"column":6},"end":{"line":45,"column":89}},{"start":{},"end":{}}],"line":45}},"s":{"0":2,"1":3,"2":3,"3":2,"4":1,"5":6,"6":6,"7":4,"8":2,"9":2,"10":2,"11":2,"12":2,"13":1,"14":1,"15":3,"16":3,"17":2,"18":1,"19":1,"20":1,"21":3,"22":3,"23":2,"24":1,"25":1,"26":1,"27":2},"f":{"0":3,"1":6,"2":2,"3":3,"4":3},"b":{"0":[2,2],"1":[1,1],"2":[1,1]},"_coverageSchema":"1a1c01bbd47fc00a2c39e90264f33305004495a9","hash":"9f42264f6823a15b63fa74094fe6ee6947154f6b"}
,"C:\\Users\\Tom\\Documents\\diginamic\\25 - Développement coté serveur avec NodeJS\\Projet\\TP-Digischool-api\\src\\models\\Classe.js": {"path":"C:\\Users\\Tom\\Documents\\diginamic\\25 - Développement coté serveur avec NodeJS\\Projet\\TP-Digischool-api\\src\\models\\Classe.js","statementMap":{"0":{"start":{"line":1,"column":17},"end":{"line":1,"column":36}},"1":{"start":{"line":4,"column":21},"end":{"line":7,"column":2}},"2":{"start":{"line":10,"column":0},"end":{"line":10,"column":56}}},"fnMap":{},"branchMap":{},"s":{"0":4,"1":4,"2":4},"f":{},"b":{},"_coverageSchema":"1a1c01bbd47fc00a2c39e90264f33305004495a9","hash":"5b253f3ec5f9859dfcdb0b66a4ea504e39792cec"}
,"C:\\Users\\Tom\\Documents\\diginamic\\25 - Développement coté serveur avec NodeJS\\Projet\\TP-Digischool-api\\src\\models\\Matiere.js": {"path":"C:\\Users\\Tom\\Documents\\diginamic\\25 - Développement coté serveur avec NodeJS\\Projet\\TP-Digischool-api\\src\\models\\Matiere.js","statementMap":{"0":{"start":{"line":1,"column":17},"end":{"line":1,"column":36}},"1":{"start":{"line":4,"column":22},"end":{"line":6,"column":2}},"2":{"start":{"line":9,"column":16},"end":{"line":9,"column":56}},"3":{"start":{"line":12,"column":0},"end":{"line":12,"column":25}}},"fnMap":{},"branchMap":{},"s":{"0":4,"1":4,"2":4,"3":4},"f":{},"b":{},"_coverageSchema":"1a1c01bbd47fc00a2c39e90264f33305004495a9","hash":"d2ee6194142328f061802fa03a90b20471f03e17"}
,"C:\\Users\\Tom\\Documents\\diginamic\\25 - Développement coté serveur avec NodeJS\\Projet\\TP-Digischool-api\\src\\repositories\\classeRepository.js": {"path":"C:\\Users\\Tom\\Documents\\diginamic\\25 - Développement coté serveur avec NodeJS\\Projet\\TP-Digischool-api\\src\\repositories\\classeRepository.js","statementMap":{"0":{"start":{"line":1,"column":15},"end":{"line":1,"column":45}},"1":{"start":{"line":6,"column":4},"end":{"line":6,"column":31}},"2":{"start":{"line":11,"column":4},"end":{"line":11,"column":37}},"3":{"start":{"line":16,"column":19},"end":{"line":16,"column":41}},"4":{"start":{"line":17,"column":4},"end":{"line":17,"column":31}},"5":{"start":{"line":22,"column":4},"end":{"line":22,"column":73}},"6":{"start":{"line":27,"column":4},"end":{"line":27,"column":46}},"7":{"start":{"line":31,"column":0},"end":{"line":31,"column":40}}},"fnMap":{"0":{"name":"(anonymous_0)","decl":{"start":{"line":5,"column":2},"end":{"line":5,"column":3}},"loc":{"start":{"line":5,"column":17},"end":{"line":7,"column":3}},"line":5},"1":{"name":"(anonymous_1)","decl":{"start":{"line":10,"column":2},"end":{"line":10,"column":3}},"loc":{"start":{"line":10,"column":20},"end":{"line":12,"column":3}},"line":10},"2":{"name":"(anonymous_2)","decl":{"start":{"line":15,"column":2},"end":{"line":15,"column":3}},"loc":{"start":{"line":15,"column":27},"end":{"line":18,"column":3}},"line":15},"3":{"name":"(anonymous_3)","decl":{"start":{"line":21,"column":2},"end":{"line":21,"column":3}},"loc":{"start":{"line":21,"column":31},"end":{"line":23,"column":3}},"line":21},"4":{"name":"(anonymous_4)","decl":{"start":{"line":26,"column":2},"end":{"line":26,"column":3}},"loc":{"start":{"line":26,"column":19},"end":{"line":28,"column":3}},"line":26}},"branchMap":{},"s":{"0":4,"1":1,"2":1,"3":1,"4":1,"5":1,"6":1,"7":4},"f":{"0":1,"1":1,"2":1,"3":1,"4":1},"b":{},"_coverageSchema":"1a1c01bbd47fc00a2c39e90264f33305004495a9","hash":"2e22b0f2dfa3e5212a8e9439eed451c5a661db8d"}
,"C:\\Users\\Tom\\Documents\\diginamic\\25 - Développement coté serveur avec NodeJS\\Projet\\TP-Digischool-api\\src\\repositories\\matiereRepository.js": {"path":"C:\\Users\\Tom\\Documents\\diginamic\\25 - Développement coté serveur avec NodeJS\\Projet\\TP-Digischool-api\\src\\repositories\\matiereRepository.js","statementMap":{"0":{"start":{"line":1,"column":16},"end":{"line":1,"column":47}},"1":{"start":{"line":5,"column":4},"end":{"line":5,"column":32}},"2":{"start":{"line":9,"column":4},"end":{"line":9,"column":38}},"3":{"start":{"line":13,"column":20},"end":{"line":13,"column":44}},"4":{"start":{"line":14,"column":4},"end":{"line":14,"column":32}},"5":{"start":{"line":18,"column":4},"end":{"line":18,"column":74}},"6":{"start":{"line":22,"column":4},"end":{"line":22,"column":47}},"7":{"start":{"line":26,"column":0},"end":{"line":26,"column":41}}},"fnMap":{"0":{"name":"(anonymous_0)","decl":{"start":{"line":4,"column":2},"end":{"line":4,"column":3}},"loc":{"start":{"line":4,"column":17},"end":{"line":6,"column":3}},"line":4},"1":{"name":"(anonymous_1)","decl":{"start":{"line":8,"column":2},"end":{"line":8,"column":3}},"loc":{"start":{"line":8,"column":20},"end":{"line":10,"column":3}},"line":8},"2":{"name":"(anonymous_2)","decl":{"start":{"line":12,"column":2},"end":{"line":12,"column":3}},"loc":{"start":{"line":12,"column":28},"end":{"line":15,"column":3}},"line":12},"3":{"name":"(anonymous_3)","decl":{"start":{"line":17,"column":2},"end":{"line":17,"column":3}},"loc":{"start":{"line":17,"column":31},"end":{"line":19,"column":3}},"line":17},"4":{"name":"(anonymous_4)","decl":{"start":{"line":21,"column":2},"end":{"line":21,"column":3}},"loc":{"start":{"line":21,"column":19},"end":{"line":23,"column":3}},"line":21}},"branchMap":{},"s":{"0":4,"1":1,"2":1,"3":1,"4":1,"5":1,"6":1,"7":4},"f":{"0":1,"1":1,"2":1,"3":1,"4":1},"b":{},"_coverageSchema":"1a1c01bbd47fc00a2c39e90264f33305004495a9","hash":"74d57b6cc3947e24cabb4d0e5277fc5475568d25"}
,"C:\\Users\\Tom\\Documents\\diginamic\\25 - Développement coté serveur avec NodeJS\\Projet\\TP-Digischool-api\\src\\routes\\classeRoutes.js": {"path":"C:\\Users\\Tom\\Documents\\diginamic\\25 - Développement coté serveur avec NodeJS\\Projet\\TP-Digischool-api\\src\\routes\\classeRoutes.js","statementMap":{"0":{"start":{"line":1,"column":16},"end":{"line":1,"column":34}},"1":{"start":{"line":2,"column":25},"end":{"line":2,"column":70}},"2":{"start":{"line":4,"column":15},"end":{"line":4,"column":31}},"3":{"start":{"line":6,"column":0},"end":{"line":6,"column":41}},"4":{"start":{"line":7,"column":0},"end":{"line":7,"column":45}},"5":{"start":{"line":8,"column":0},"end":{"line":8,"column":42}},"6":{"start":{"line":9,"column":0},"end":{"line":9,"column":44}},"7":{"start":{"line":10,"column":0},"end":{"line":10,"column":47}},"8":{"start":{"line":12,"column":0},"end":{"line":12,"column":24}}},"fnMap":{},"branchMap":{},"s":{"0":1,"1":1,"2":1,"3":1,"4":1,"5":1,"6":1,"7":1,"8":1},"f":{},"b":{},"_coverageSchema":"1a1c01bbd47fc00a2c39e90264f33305004495a9","hash":"6515a8b0925dba0c495c806e43bff294acaae0e9"}
,"C:\\Users\\Tom\\Documents\\diginamic\\25 - Développement coté serveur avec NodeJS\\Projet\\TP-Digischool-api\\src\\routes\\matiereRoutes.js": {"path":"C:\\Users\\Tom\\Documents\\diginamic\\25 - Développement coté serveur avec NodeJS\\Projet\\TP-Digischool-api\\src\\routes\\matiereRoutes.js","statementMap":{"0":{"start":{"line":1,"column":16},"end":{"line":1,"column":34}},"1":{"start":{"line":2,"column":26},"end":{"line":2,"column":72}},"2":{"start":{"line":4,"column":15},"end":{"line":4,"column":31}},"3":{"start":{"line":6,"column":0},"end":{"line":6,"column":42}},"4":{"start":{"line":7,"column":0},"end":{"line":7,"column":46}},"5":{"start":{"line":8,"column":0},"end":{"line":8,"column":43}},"6":{"start":{"line":9,"column":0},"end":{"line":9,"column":45}},"7":{"start":{"line":10,"column":0},"end":{"line":10,"column":48}},"8":{"start":{"line":12,"column":0},"end":{"line":12,"column":24}}},"fnMap":{},"branchMap":{},"s":{"0":1,"1":1,"2":1,"3":1,"4":1,"5":1,"6":1,"7":1,"8":1},"f":{},"b":{},"_coverageSchema":"1a1c01bbd47fc00a2c39e90264f33305004495a9","hash":"7b7447c51c616ecc6ef777500e89e0985d64dc79"}
,"C:\\Users\\Tom\\Documents\\diginamic\\25 - Développement coté serveur avec NodeJS\\Projet\\TP-Digischool-api\\src\\services\\classeService.js": {"path":"C:\\Users\\Tom\\Documents\\diginamic\\25 - Développement coté serveur avec NodeJS\\Projet\\TP-Digischool-api\\src\\services\\classeService.js","statementMap":{"0":{"start":{"line":1,"column":25},"end":{"line":1,"column":68}},"1":{"start":{"line":5,"column":4},"end":{"line":5,"column":43}},"2":{"start":{"line":9,"column":4},"end":{"line":9,"column":46}},"3":{"start":{"line":13,"column":4},"end":{"line":13,"column":53}},"4":{"start":{"line":17,"column":4},"end":{"line":17,"column":57}},"5":{"start":{"line":21,"column":4},"end":{"line":21,"column":45}},"6":{"start":{"line":25,"column":0},"end":{"line":25,"column":37}}},"fnMap":{"0":{"name":"(anonymous_0)","decl":{"start":{"line":4,"column":2},"end":{"line":4,"column":3}},"loc":{"start":{"line":4,"column":17},"end":{"line":6,"column":3}},"line":4},"1":{"name":"(anonymous_1)","decl":{"start":{"line":8,"column":2},"end":{"line":8,"column":3}},"loc":{"start":{"line":8,"column":20},"end":{"line":10,"column":3}},"line":8},"2":{"name":"(anonymous_2)","decl":{"start":{"line":12,"column":2},"end":{"line":12,"column":3}},"loc":{"start":{"line":12,"column":27},"end":{"line":14,"column":3}},"line":12},"3":{"name":"(anonymous_3)","decl":{"start":{"line":16,"column":2},"end":{"line":16,"column":3}},"loc":{"start":{"line":16,"column":31},"end":{"line":18,"column":3}},"line":16},"4":{"name":"(anonymous_4)","decl":{"start":{"line":20,"column":2},"end":{"line":20,"column":3}},"loc":{"start":{"line":20,"column":19},"end":{"line":22,"column":3}},"line":20}},"branchMap":{},"s":{"0":3,"1":1,"2":1,"3":1,"4":1,"5":1,"6":3},"f":{"0":1,"1":1,"2":1,"3":1,"4":1},"b":{},"_coverageSchema":"1a1c01bbd47fc00a2c39e90264f33305004495a9","hash":"c3e1752abe0cc1c7a8fa33a8b90f95acd83ed24e"}
,"C:\\Users\\Tom\\Documents\\diginamic\\25 - Développement coté serveur avec NodeJS\\Projet\\TP-Digischool-api\\src\\services\\matiereService.js": {"path":"C:\\Users\\Tom\\Documents\\diginamic\\25 - Développement coté serveur avec NodeJS\\Projet\\TP-Digischool-api\\src\\services\\matiereService.js","statementMap":{"0":{"start":{"line":1,"column":26},"end":{"line":1,"column":70}},"1":{"start":{"line":5,"column":4},"end":{"line":5,"column":44}},"2":{"start":{"line":9,"column":4},"end":{"line":9,"column":47}},"3":{"start":{"line":13,"column":4},"end":{"line":13,"column":55}},"4":{"start":{"line":17,"column":4},"end":{"line":17,"column":58}},"5":{"start":{"line":21,"column":4},"end":{"line":21,"column":46}},"6":{"start":{"line":25,"column":0},"end":{"line":25,"column":38}}},"fnMap":{"0":{"name":"(anonymous_0)","decl":{"start":{"line":4,"column":2},"end":{"line":4,"column":3}},"loc":{"start":{"line":4,"column":17},"end":{"line":6,"column":3}},"line":4},"1":{"name":"(anonymous_1)","decl":{"start":{"line":8,"column":2},"end":{"line":8,"column":3}},"loc":{"start":{"line":8,"column":20},"end":{"line":10,"column":3}},"line":8},"2":{"name":"(anonymous_2)","decl":{"start":{"line":12,"column":2},"end":{"line":12,"column":3}},"loc":{"start":{"line":12,"column":28},"end":{"line":14,"column":3}},"line":12},"3":{"name":"(anonymous_3)","decl":{"start":{"line":16,"column":2},"end":{"line":16,"column":3}},"loc":{"start":{"line":16,"column":31},"end":{"line":18,"column":3}},"line":16},"4":{"name":"(anonymous_4)","decl":{"start":{"line":20,"column":2},"end":{"line":20,"column":3}},"loc":{"start":{"line":20,"column":19},"end":{"line":22,"column":3}},"line":20}},"branchMap":{},"s":{"0":3,"1":1,"2":1,"3":1,"4":1,"5":1,"6":3},"f":{"0":1,"1":1,"2":1,"3":1,"4":1},"b":{},"_coverageSchema":"1a1c01bbd47fc00a2c39e90264f33305004495a9","hash":"d23be2de1c1703c16d3944a5bae4d16db2b9bef6"}
}
