TN:
SF:src\controllers\classeController.js
FN:5,(anonymous_0)
FN:15,(anonymous_1)
FN:26,(anonymous_2)
FN:36,(anonymous_3)
FN:47,(anonymous_4)
FNF:5
FNH:5
FNDA:3,(anonymous_0)
FNDA:6,(anonymous_1)
FNDA:2,(anonymous_2)
FNDA:3,(anonymous_3)
FNDA:3,(anonymous_4)
DA:1,7
DA:6,3
DA:7,3
DA:8,2
DA:10,1
DA:16,6
DA:17,6
DA:18,4
DA:19,2
DA:21,2
DA:27,2
DA:28,2
DA:29,1
DA:31,1
DA:37,3
DA:38,3
DA:39,2
DA:40,1
DA:42,1
DA:48,3
DA:49,3
DA:50,2
DA:51,1
DA:53,1
DA:58,7
LF:25
LH:25
BRDA:18,0,0,2
BRDA:18,0,1,2
BRDA:39,1,0,1
BRDA:39,1,1,1
BRDA:50,2,0,1
BRDA:50,2,1,1
BRF:6
BRH:6
end_of_record
TN:
SF:src\controllers\eleveController.js
FN:3,(anonymous_0)
FN:12,(anonymous_1)
FN:21,(anonymous_2)
FN:30,(anonymous_3)
FN:39,(anonymous_4)
FNF:5
FNH:5
FNDA:2,(anonymous_0)
FNDA:2,(anonymous_1)
FNDA:2,(anonymous_2)
FNDA:2,(anonymous_3)
FNDA:2,(anonymous_4)
DA:1,6
DA:3,6
DA:4,2
DA:5,2
DA:6,1
DA:8,1
DA:12,6
DA:13,2
DA:14,2
DA:15,1
DA:17,1
DA:21,6
DA:22,2
DA:23,2
DA:24,1
DA:26,1
DA:30,6
DA:31,2
DA:32,2
DA:33,1
DA:35,1
DA:39,6
DA:40,2
DA:41,2
DA:42,1
DA:44,1
LF:26
LH:26
BRF:0
BRH:0
end_of_record
TN:
SF:src\controllers\matiereController.js
FN:4,(anonymous_0)
FN:13,(anonymous_1)
FN:23,(anonymous_2)
FN:32,(anonymous_3)
FN:42,(anonymous_4)
FNF:5
FNH:5
FNDA:3,(anonymous_0)
FNDA:6,(anonymous_1)
FNDA:2,(anonymous_2)
FNDA:3,(anonymous_3)
FNDA:3,(anonymous_4)
DA:1,7
DA:5,3
DA:6,3
DA:7,2
DA:9,1
DA:14,6
DA:15,6
DA:16,4
DA:17,2
DA:19,2
DA:24,2
DA:25,2
DA:26,1
DA:28,1
DA:33,3
DA:34,3
DA:35,2
DA:36,1
DA:38,1
DA:43,3
DA:44,3
DA:45,2
DA:46,1
DA:48,1
DA:53,7
LF:25
LH:25
BRDA:16,0,0,2
BRDA:16,0,1,2
BRDA:35,1,0,1
BRDA:35,1,1,1
BRDA:45,2,0,1
BRDA:45,2,1,1
BRF:6
BRH:6
end_of_record
TN:
SF:src\controllers\notesController.js
FN:3,(anonymous_0)
FN:12,(anonymous_1)
FN:21,(anonymous_2)
FN:30,(anonymous_3)
FN:39,(anonymous_4)
FNF:5
FNH:5
FNDA:2,(anonymous_0)
FNDA:2,(anonymous_1)
FNDA:2,(anonymous_2)
FNDA:2,(anonymous_3)
FNDA:2,(anonymous_4)
DA:1,6
DA:3,6
DA:4,2
DA:5,2
DA:6,1
DA:8,1
DA:12,6
DA:13,2
DA:14,2
DA:15,1
DA:17,1
DA:21,6
DA:22,2
DA:23,2
DA:24,1
DA:26,1
DA:30,6
DA:31,2
DA:32,2
DA:33,1
DA:35,1
DA:39,6
DA:40,2
DA:41,2
DA:42,1
DA:44,1
LF:26
LH:26
BRF:0
BRH:0
end_of_record
TN:
SF:src\controllers\professeurController.js
FN:3,(anonymous_0)
FN:12,(anonymous_1)
FN:21,(anonymous_2)
FN:30,(anonymous_3)
FN:39,(anonymous_4)
FNF:5
FNH:5
FNDA:2,(anonymous_0)
FNDA:2,(anonymous_1)
FNDA:2,(anonymous_2)
FNDA:2,(anonymous_3)
FNDA:2,(anonymous_4)
DA:1,6
DA:3,6
DA:4,2
DA:5,2
DA:6,1
DA:8,1
DA:12,6
DA:13,2
DA:14,2
DA:15,1
DA:17,1
DA:21,6
DA:22,2
DA:23,2
DA:24,1
DA:26,1
DA:30,6
DA:31,2
DA:32,2
DA:33,1
DA:35,1
DA:39,6
DA:40,2
DA:41,2
DA:42,1
DA:44,1
LF:26
LH:26
BRF:0
BRH:0
end_of_record
TN:
SF:src\controllers\trimestreController.js
FN:3,(anonymous_0)
FN:12,(anonymous_1)
FN:21,(anonymous_2)
FN:30,(anonymous_3)
FN:39,(anonymous_4)
FNF:5
FNH:5
FNDA:2,(anonymous_0)
FNDA:2,(anonymous_1)
FNDA:2,(anonymous_2)
FNDA:2,(anonymous_3)
FNDA:2,(anonymous_4)
DA:1,6
DA:3,6
DA:4,2
DA:5,2
DA:6,1
DA:8,1
DA:12,6
DA:13,2
DA:14,2
DA:15,1
DA:17,1
DA:21,6
DA:22,2
DA:23,2
DA:24,1
DA:26,1
DA:30,6
DA:31,2
DA:32,2
DA:33,1
DA:35,1
DA:39,6
DA:40,2
DA:41,2
DA:42,1
DA:44,1
LF:26
LH:26
BRF:0
BRH:0
end_of_record
TN:
SF:src\repositories\classeRepository.js
FN:5,(anonymous_0)
FN:10,(anonymous_1)
FN:15,(anonymous_2)
FN:21,(anonymous_3)
FN:26,(anonymous_4)
FNF:5
FNH:5
FNDA:1,(anonymous_0)
FNDA:1,(anonymous_1)
FNDA:1,(anonymous_2)
FNDA:1,(anonymous_3)
FNDA:1,(anonymous_4)
DA:1,9
DA:6,1
DA:11,1
DA:16,1
DA:17,1
DA:22,1
DA:27,1
DA:31,9
LF:8
LH:8
BRF:0
BRH:0
end_of_record
TN:
SF:src\repositories\eleveRepository.js
FN:3,(anonymous_0)
FN:5,(anonymous_1)
FN:7,(anonymous_2)
FN:9,(anonymous_3)
FN:12,(anonymous_4)
FNF:5
FNH:5
FNDA:1,(anonymous_0)
FNDA:1,(anonymous_1)
FNDA:1,(anonymous_2)
FNDA:1,(anonymous_3)
FNDA:1,(anonymous_4)
DA:1,8
DA:3,8
DA:5,8
DA:7,8
DA:9,8
DA:10,1
DA:12,8
LF:7
LH:7
BRF:0
BRH:0
end_of_record
TN:
SF:src\repositories\matiereRepository.js
FN:4,(anonymous_0)
FN:8,(anonymous_1)
FN:12,(anonymous_2)
FN:17,(anonymous_3)
FN:21,(anonymous_4)
FNF:5
FNH:5
FNDA:1,(anonymous_0)
FNDA:1,(anonymous_1)
FNDA:1,(anonymous_2)
FNDA:1,(anonymous_3)
FNDA:1,(anonymous_4)
DA:1,9
DA:5,1
DA:9,1
DA:13,1
DA:14,1
DA:18,1
DA:22,1
DA:26,9
LF:8
LH:8
BRF:0
BRH:0
end_of_record
TN:
SF:src\repositories\notesRepository.js
FN:3,(anonymous_0)
FN:7,(anonymous_1)
FN:11,(anonymous_2)
FN:15,(anonymous_3)
FN:19,(anonymous_4)
FNF:5
FNH:5
FNDA:1,(anonymous_0)
FNDA:1,(anonymous_1)
FNDA:1,(anonymous_2)
FNDA:1,(anonymous_3)
FNDA:1,(anonymous_4)
DA:1,8
DA:3,8
DA:4,1
DA:7,8
DA:8,1
DA:11,8
DA:12,1
DA:15,8
DA:16,1
DA:19,8
DA:20,1
LF:11
LH:11
BRF:0
BRH:0
end_of_record
TN:
SF:src\repositories\professeurRepository.js
FN:3,(anonymous_0)
FN:5,(anonymous_1)
FN:7,(anonymous_2)
FN:9,(anonymous_3)
FN:12,(anonymous_4)
FNF:5
FNH:5
FNDA:1,(anonymous_0)
FNDA:1,(anonymous_1)
FNDA:1,(anonymous_2)
FNDA:1,(anonymous_3)
FNDA:1,(anonymous_4)
DA:1,8
DA:3,8
DA:5,8
DA:7,8
DA:9,8
DA:10,1
DA:12,8
LF:7
LH:7
BRF:0
BRH:0
end_of_record
TN:
SF:src\repositories\trimestreRepository.js
FN:3,(anonymous_0)
FN:7,(anonymous_1)
FN:11,(anonymous_2)
FN:15,(anonymous_3)
FN:19,(anonymous_4)
FNF:5
FNH:5
FNDA:1,(anonymous_0)
FNDA:1,(anonymous_1)
FNDA:1,(anonymous_2)
FNDA:1,(anonymous_3)
FNDA:1,(anonymous_4)
DA:1,8
DA:3,8
DA:4,1
DA:7,8
DA:8,1
DA:11,8
DA:12,1
DA:15,8
DA:16,1
DA:19,8
DA:20,1
LF:11
LH:11
BRF:0
BRH:0
end_of_record
TN:
SF:src\routes\classeRoutes.js
FNF:0
FNH:0
DA:1,7
DA:2,7
DA:4,7
DA:6,7
DA:7,7
DA:8,7
DA:9,7
DA:10,7
DA:12,7
LF:9
LH:9
BRF:0
BRH:0
end_of_record
TN:
SF:src\routes\eleveRoutes.js
FNF:0
FNH:0
DA:1,6
DA:2,6
DA:4,6
DA:5,6
DA:6,6
DA:7,6
DA:8,6
DA:10,6
LF:8
LH:8
BRF:0
BRH:0
end_of_record
TN:
SF:src\routes\matiereRoutes.js
FNF:0
FNH:0
DA:1,7
DA:2,7
DA:4,7
DA:6,7
DA:7,7
DA:8,7
DA:9,7
DA:10,7
DA:12,7
LF:9
LH:9
BRF:0
BRH:0
end_of_record
TN:
SF:src\routes\notesRoutes.js
FNF:0
FNH:0
DA:1,6
DA:2,6
DA:3,6
DA:5,6
DA:6,6
DA:7,6
DA:8,6
DA:9,6
DA:11,6
LF:9
LH:9
BRF:0
BRH:0
end_of_record
TN:
SF:src\routes\professeurRoutes.js
FNF:0
FNH:0
DA:1,6
DA:2,6
DA:4,6
DA:5,6
DA:6,6
DA:7,6
DA:8,6
DA:10,6
LF:8
LH:8
BRF:0
BRH:0
end_of_record
TN:
SF:src\routes\trimestreRoutes.js
FNF:0
FNH:0
DA:1,6
DA:2,6
DA:3,6
DA:5,6
DA:6,6
DA:7,6
DA:8,6
DA:9,6
DA:11,6
LF:9
LH:9
BRF:0
BRH:0
end_of_record
TN:
SF:src\services\classeService.js
FN:4,(anonymous_0)
FN:8,(anonymous_1)
FN:12,(anonymous_2)
FN:16,(anonymous_3)
FN:20,(anonymous_4)
FNF:5
FNH:5
FNDA:1,(anonymous_0)
FNDA:1,(anonymous_1)
FNDA:1,(anonymous_2)
FNDA:1,(anonymous_3)
FNDA:1,(anonymous_4)
DA:1,8
DA:5,1
DA:9,1
DA:13,1
DA:17,1
DA:21,1
DA:25,8
LF:7
LH:7
BRF:0
BRH:0
end_of_record
TN:
SF:src\services\eleveService.js
FN:4,(anonymous_0)
FN:8,(anonymous_1)
FN:16,(anonymous_2)
FN:23,(anonymous_3)
FN:31,(anonymous_4)
FNF:5
FNH:5
FNDA:1,(anonymous_0)
FNDA:2,(anonymous_1)
FNDA:4,(anonymous_2)
FNDA:2,(anonymous_3)
FNDA:2,(anonymous_4)
DA:1,7
DA:5,1
DA:9,2
DA:10,2
DA:11,1
DA:13,1
DA:17,4
DA:18,3
DA:20,1
DA:24,2
DA:25,2
DA:26,1
DA:28,1
DA:32,2
DA:33,2
DA:34,1
DA:36,1
DA:40,7
LF:18
LH:18
BRDA:10,0,0,1
BRDA:10,0,1,1
BRDA:17,1,0,3
BRDA:17,1,1,1
BRDA:17,2,0,4
BRDA:17,2,1,3
BRDA:17,2,2,2
BRDA:25,3,0,1
BRDA:25,3,1,1
BRDA:33,4,0,1
BRDA:33,4,1,1
BRF:11
BRH:11
end_of_record
TN:
SF:src\services\matiereService.js
FN:4,(anonymous_0)
FN:8,(anonymous_1)
FN:12,(anonymous_2)
FN:16,(anonymous_3)
FN:20,(anonymous_4)
FNF:5
FNH:5
FNDA:1,(anonymous_0)
FNDA:1,(anonymous_1)
FNDA:1,(anonymous_2)
FNDA:1,(anonymous_3)
FNDA:1,(anonymous_4)
DA:1,8
DA:5,1
DA:9,1
DA:13,1
DA:17,1
DA:21,1
DA:25,8
LF:7
LH:7
BRF:0
BRH:0
end_of_record
TN:
SF:src\services\notesService.js
FN:3,(anonymous_0)
FN:7,(anonymous_1)
FN:11,(anonymous_2)
FN:18,(anonymous_3)
FN:25,(anonymous_4)
FNF:5
FNH:5
FNDA:1,(anonymous_0)
FNDA:1,(anonymous_1)
FNDA:3,(anonymous_2)
FNDA:3,(anonymous_3)
FNDA:1,(anonymous_4)
DA:1,7
DA:3,7
DA:4,1
DA:7,7
DA:8,1
DA:11,7
DA:12,3
DA:13,2
DA:15,1
DA:18,7
DA:19,3
DA:20,2
DA:22,1
DA:25,7
DA:26,1
LF:15
LH:15
BRDA:12,0,0,2
BRDA:12,0,1,1
BRDA:12,1,0,3
BRDA:12,1,1,3
BRDA:12,1,2,2
BRDA:19,2,0,2
BRDA:19,2,1,1
BRDA:19,3,0,3
BRDA:19,3,1,3
BRDA:19,3,2,2
BRF:10
BRH:10
end_of_record
TN:
SF:src\services\professeurService.js
FN:4,(anonymous_0)
FN:8,(anonymous_1)
FN:16,(anonymous_2)
FN:23,(anonymous_3)
FN:31,(anonymous_4)
FNF:5
FNH:5
FNDA:1,(anonymous_0)
FNDA:2,(anonymous_1)
FNDA:3,(anonymous_2)
FNDA:2,(anonymous_3)
FNDA:2,(anonymous_4)
DA:1,7
DA:5,1
DA:9,2
DA:10,2
DA:11,1
DA:13,1
DA:17,3
DA:18,2
DA:20,1
DA:24,2
DA:25,2
DA:26,1
DA:28,1
DA:32,2
DA:33,2
DA:34,1
DA:36,1
DA:40,7
LF:18
LH:18
BRDA:10,0,0,1
BRDA:10,0,1,1
BRDA:17,1,0,2
BRDA:17,1,1,1
BRDA:17,2,0,3
BRDA:17,2,1,2
BRDA:25,3,0,1
BRDA:25,3,1,1
BRDA:33,4,0,1
BRDA:33,4,1,1
BRF:10
BRH:10
end_of_record
TN:
SF:src\services\trimestreService.js
FN:3,(anonymous_0)
FN:7,(anonymous_1)
FN:11,(anonymous_2)
FN:18,(anonymous_3)
FN:25,(anonymous_4)
FNF:5
FNH:5
FNDA:1,(anonymous_0)
FNDA:1,(anonymous_1)
FNDA:2,(anonymous_2)
FNDA:2,(anonymous_3)
FNDA:1,(anonymous_4)
DA:1,7
DA:3,7
DA:4,1
DA:7,7
DA:8,1
DA:11,7
DA:12,2
DA:13,1
DA:15,1
DA:18,7
DA:19,2
DA:20,1
DA:22,1
DA:25,7
DA:26,1
LF:15
LH:15
BRDA:12,0,0,1
BRDA:12,0,1,1
BRDA:12,1,0,2
BRDA:12,1,1,2
BRDA:19,2,0,1
BRDA:19,2,1,1
BRDA:19,3,0,2
BRDA:19,3,1,1
BRF:8
BRH:8
end_of_record
