TN:
SF:src\controllers\classeController.js
FN:5,(anonymous_0)
FN:15,(anonymous_1)
FN:26,(anonymous_2)
FN:36,(anonymous_3)
FN:47,(anonymous_4)
FNF:5
FNH:5
FNDA:3,(anonymous_0)
FNDA:6,(anonymous_1)
FNDA:2,(anonymous_2)
FNDA:3,(anonymous_3)
FNDA:3,(anonymous_4)
DA:1,2
DA:6,3
DA:7,3
DA:8,2
DA:10,1
DA:16,6
DA:17,6
DA:18,4
DA:19,2
DA:21,2
DA:27,2
DA:28,2
DA:29,1
DA:31,1
DA:37,3
DA:38,3
DA:39,2
DA:40,1
DA:42,1
DA:48,3
DA:49,3
DA:50,2
DA:51,1
DA:53,1
DA:58,2
LF:25
LH:25
BRDA:18,0,0,2
BRDA:18,0,1,2
BRDA:39,1,0,1
BRDA:39,1,1,1
BRDA:50,2,0,1
BRDA:50,2,1,1
BRF:6
BRH:6
end_of_record
TN:
SF:src\controllers\matiereController.js
FN:4,(anonymous_0)
FN:13,(anonymous_1)
FN:23,(anonymous_2)
FN:32,(anonymous_3)
FN:42,(anonymous_4)
FNF:5
FNH:5
FNDA:3,(anonymous_0)
FNDA:6,(anonymous_1)
FNDA:2,(anonymous_2)
FNDA:3,(anonymous_3)
FNDA:3,(anonymous_4)
DA:1,2
DA:5,3
DA:6,3
DA:7,2
DA:9,1
DA:14,6
DA:15,6
DA:16,4
DA:17,2
DA:19,2
DA:24,2
DA:25,2
DA:26,1
DA:28,1
DA:33,3
DA:34,3
DA:35,2
DA:36,1
DA:38,1
DA:43,3
DA:44,3
DA:45,2
DA:46,1
DA:48,1
DA:53,2
LF:25
LH:25
BRDA:16,0,0,2
BRDA:16,0,1,2
BRDA:35,1,0,1
BRDA:35,1,1,1
BRDA:45,2,0,1
BRDA:45,2,1,1
BRF:6
BRH:6
end_of_record
TN:
SF:src\models\Classe.js
FNF:0
FNH:0
DA:1,4
DA:4,4
DA:10,4
LF:3
LH:3
BRF:0
BRH:0
end_of_record
TN:
SF:src\models\Matiere.js
FNF:0
FNH:0
DA:1,4
DA:4,4
DA:9,4
DA:12,4
LF:4
LH:4
BRF:0
BRH:0
end_of_record
TN:
SF:src\repositories\classeRepository.js
FN:5,(anonymous_0)
FN:10,(anonymous_1)
FN:15,(anonymous_2)
FN:21,(anonymous_3)
FN:26,(anonymous_4)
FNF:5
FNH:5
FNDA:1,(anonymous_0)
FNDA:1,(anonymous_1)
FNDA:1,(anonymous_2)
FNDA:1,(anonymous_3)
FNDA:1,(anonymous_4)
DA:1,4
DA:6,1
DA:11,1
DA:16,1
DA:17,1
DA:22,1
DA:27,1
DA:31,4
LF:8
LH:8
BRF:0
BRH:0
end_of_record
TN:
SF:src\repositories\matiereRepository.js
FN:4,(anonymous_0)
FN:8,(anonymous_1)
FN:12,(anonymous_2)
FN:17,(anonymous_3)
FN:21,(anonymous_4)
FNF:5
FNH:5
FNDA:1,(anonymous_0)
FNDA:1,(anonymous_1)
FNDA:1,(anonymous_2)
FNDA:1,(anonymous_3)
FNDA:1,(anonymous_4)
DA:1,4
DA:5,1
DA:9,1
DA:13,1
DA:14,1
DA:18,1
DA:22,1
DA:26,4
LF:8
LH:8
BRF:0
BRH:0
end_of_record
TN:
SF:src\routes\classeRoutes.js
FNF:0
FNH:0
DA:1,1
DA:2,1
DA:4,1
DA:6,1
DA:7,1
DA:8,1
DA:9,1
DA:10,1
DA:12,1
LF:9
LH:9
BRF:0
BRH:0
end_of_record
TN:
SF:src\routes\matiereRoutes.js
FNF:0
FNH:0
DA:1,1
DA:2,1
DA:4,1
DA:6,1
DA:7,1
DA:8,1
DA:9,1
DA:10,1
DA:12,1
LF:9
LH:9
BRF:0
BRH:0
end_of_record
TN:
SF:src\services\classeService.js
FN:4,(anonymous_0)
FN:8,(anonymous_1)
FN:12,(anonymous_2)
FN:16,(anonymous_3)
FN:20,(anonymous_4)
FNF:5
FNH:5
FNDA:1,(anonymous_0)
FNDA:1,(anonymous_1)
FNDA:1,(anonymous_2)
FNDA:1,(anonymous_3)
FNDA:1,(anonymous_4)
DA:1,3
DA:5,1
DA:9,1
DA:13,1
DA:17,1
DA:21,1
DA:25,3
LF:7
LH:7
BRF:0
BRH:0
end_of_record
TN:
SF:src\services\matiereService.js
FN:4,(anonymous_0)
FN:8,(anonymous_1)
FN:12,(anonymous_2)
FN:16,(anonymous_3)
FN:20,(anonymous_4)
FNF:5
FNH:5
FNDA:1,(anonymous_0)
FNDA:1,(anonymous_1)
FNDA:1,(anonymous_2)
FNDA:1,(anonymous_3)
FNDA:1,(anonymous_4)
DA:1,3
DA:5,1
DA:9,1
DA:13,1
DA:17,1
DA:21,1
DA:25,3
LF:7
LH:7
BRF:0
BRH:0
end_of_record
